MPASM  5.20               INIT_PIC18F2525.ASM   7-23-2008  15:01:38         PAGE  1


LOC  OBJECT CODE     LINE SOURCE TEXT
  VALUE

                      00001 
                      00002 ; Initialization Code for PIC18F2525, Family: GP control, Package: 28-Pin SDIP 28pins
                      00003 
                      00004 #include P18F2525.inc
                      00001         LIST
                      00002 
                      00003 ;==========================================================================
                      00004 ;  MPASM PIC18F2525 processor include
                      00005 ; 
                      00006 ;  (c) Copyright 1999-2007 Microchip Technology, All rights reserved
                      00007 ;==========================================================================
                      00008 
                      01189         LIST
                      00005 
                      00006 
                      00007 
                      00008 ; Filter Controls used to Generate Code:
                      00009 
                      00010 ; POR Match Filter OFF
                      00011 
                      00012 ; Provisioned Feature Filter ON
                      00013 
                      00014 ; Masks are Ignored and uses UnMasked Register Writes
                      00015 
                      00016 ; Feature=fuses - fuses (DCR) configuration
                      00017 
                      00018 ; B7=IESO B6=FCMEN B3:0=FOSC3:0
  00000002            00019 CONFIG1H=0x02
                      00020 
                      00021 ; B4:3=BORV1:0 B2:1=BOREN1:0 B0=PWRTEN-L
  000000F7            00022 CONFIG2L=0xF7
                      00023 
                      00024 ; B4:1=WDTPS3:0 B0=WDTEN
  000000FF            00025 CONFIG2H=0xFF
                      00026 
                      00027 ; B7=MCLRE B2=LPT1OSC B1=PBADEN B0=CCP2MX
  000000FF            00028 CONFIG3H=0xFF
                      00029 
                      00030 ; B7=DEBUG-L B6=XINST B2=LVP B0=STVREN
  000000BF            00031 CONFIG4L=0xBF
                      00032 
                      00033 ; B3:0=CP3:0
  000000FF            00034 CONFIG5L=0xFF
                      00035 
                      00036 ; B7=CPD B6=CPB
  000000FF            00037 CONFIG5H=0xFF
                      00038 
                      00039 ; B3:0=WR3:0
  000000FF            00040 CONFIG6L=0xFF
                      00041 
                      00042 ; B7=WRTD B6=WRTB B5=WRTC
  000000FF            00043 CONFIG6H=0xFF
                      00044 
MPASM  5.20               INIT_PIC18F2525.ASM   7-23-2008  15:01:38         PAGE  2


LOC  OBJECT CODE     LINE SOURCE TEXT
  VALUE

                      00045 ; B3:0=EBTR3:0
  000000FF            00046 CONFIG7L=0xFF
                      00047 
                      00048 ; B6=EBTRB
  000000FF            00049 CONFIG7H=0xFF
                      00050 
                      00051 VI_CODE CODE
                      00052 
000000                00053 VisualInitialization:
                      00054 
                      00055 ; Feature=Interrupts - Disable Interrupts during configuration
                      00056 
                      00057 ; B4=EE B3=BCL B2=LVD B1=TMR3 B0=CCP2
000000 6AA0           00058         clrf PIE2
                      00059 
                      00060 ; B7=PSP B6=AD B5=RC1 B4=TX1 B3=SSP B2=CCP1 B1=TMR2 B0=TMR1
000002 6A9D           00061         clrf PIE1
                      00062 
                      00063 ; Feature=Oscillator - Oscillator configuration
                      00064 
                      00065 ; B7=IDLEN B6:4=IRCF2:0 B3=OSTS B2=IOFS B1:0=SCS1:0
000004 6AD3           00066         clrf OSCCON
                      00067 
                      00068 ; B7=INTSRC B6=PLLEN B4:0=TUN4:0
000006 6A9B           00069         clrf OSCTUNE
                      00070 
                      00071 ; Feature=Reset - Reset configuration
                      00072 
                      00073 ; B5=IRVST B4=LVDEN B3:0=LVDL3:0
000008 6AD2           00074         clrf LVDCON
                      00075 
                      00076 ; B0=SWDTEN
00000A 6AD1           00077         clrf WDTCON
                      00078 
                      00079 ; B7=IPEN B6=SBOREN B4=RI-L B3=TO-L B2=PD-L B1=POR-L B0=BOR-L
00000C 6AD0           00080         clrf RCON
                      00081 
                      00082 ; Feature=IOPortA - IO Ports configuration
                      00083 
                      00084 ; port A is 6 bits wide
                      00085 
                      00086 ; set TRIS to all inputs before setting initial value
00000E 0E3F           00087         movlw 0x3F
000010 6E92           00088         movwf TRISA
000012 0E10           00089         movlw 0x10
000014 6E80           00090         movwf PORTA
                      00091 
                      00092 ; set port bit as input (1) or output (0)
000016 0EEF           00093         movlw 0xEF
000018 6E92           00094         movwf TRISA
                      00095 
                      00096 ; Feature=IOPortB - IO Ports configuration
                      00097 
MPASM  5.20               INIT_PIC18F2525.ASM   7-23-2008  15:01:38         PAGE  3


LOC  OBJECT CODE     LINE SOURCE TEXT
  VALUE

                      00098 ; port B is 8 bits wide
                      00099 
                      00100 ; set TRIS to all inputs before setting initial value
00001A 0EFF           00101         movlw 0xFF
00001C 6E93           00102         movwf TRISB
00001E 0E10           00103         movlw 0x10
000020 6E81           00104         movwf PORTB
                      00105 
                      00106 ; set port bit as input (1) or output (0)
000022 0EEF           00107         movlw 0xEF
000024 6E93           00108         movwf TRISB
                      00109 
                      00110 ; Feature=IOPortC - IO Ports configuration
                      00111 
                      00112 ; port C is 8 bits wide
                      00113 
                      00114 ; set TRIS to all inputs before setting initial value
000026 0EFF           00115         movlw 0xFF
000028 6E94           00116         movwf TRISC
00002A 6A82           00117         clrf PORTC
                      00118 
                      00119 ; set port bit as input (1) or output (0)
00002C 0EBF           00120         movlw 0xBF
00002E 6E94           00121         movwf TRISC
                      00122 
                      00123 ; Feature=required - Interrupt flags cleared and interrupt configuration
                      00124 
                      00125 ; interrupt priorities
                      00126 
                      00127 ; B4=EE B3=BCL B2=LVD B1=TMR3 B0=CCP2
000030 0EFF           00128         movlw 0xFF
000032 6EA2           00129         movwf IPR2
                      00130 
                      00131 ; B7=PSP B6=AD B5=RC1 B4=TX1 B3=SSP B2=CCP1 B1=TMR2 B0=TMR1
000034 0EFF           00132         movlw 0xFF
000036 6E9F           00133         movwf IPR1
                      00134 
                      00135 ; clear int flags
                      00136 
                      00137 ; B4=EE B3=BCL B2=LVD B1=TMR3 B0=CCP2
000038 6AA1           00138         clrf PIR2
                      00139 
                      00140 ; B7=PSP B6=AD B5=RC1 B4=TX1 B3=SSP B2=CCP1 B1=TMR2 B0=TMR1
00003A 6A9E           00141         clrf PIR1
                      00142 
                      00143 ; global and external interrupt enables
                      00144 
                      00145 ; B7=GIE B6=PEIE B5=TMR0IE B4=INTOIE B3=RBIE B2=TMR0IF B1=INTOIF B0=RBIF
00003C 0EC0           00146         movlw 0xC0
00003E 6EF2           00147         movwf INTCON
                      00148 
                      00149 ; B7=RBPU-L B6:4=INTEDG0:2 B2=TMR0IP B0=RBIP
000040 0EFF           00150         movlw 0xFF
MPASM  5.20               INIT_PIC18F2525.ASM   7-23-2008  15:01:38         PAGE  4


LOC  OBJECT CODE     LINE SOURCE TEXT
  VALUE

000042 6EF1           00151         movwf INTCON2
                      00152 
                      00153 ; B7:6=INT2:1IP B4:3=INT2:1IE B1:0=INT2:1IF
000044 0EC0           00154         movlw 0xC0
000046 6EF0           00155         movwf INTCON3
                      00156 
                      00157 ; Feature=CPU - CPU register configuration
                      00158 
                      00159 ; Feature=Interrupts - enable interrupts
                      00160 
                      00161 ; feature interrupt enables
                      00162 
                      00163 ; B4=EE B3=BCL B2=LVD B1=TMR3 B0=CCP2
000048 6AA0           00164         clrf PIE2
                      00165 
                      00166 ; B7=PSP B6=AD B5=RC1 B4=TX1 B3=SSP B2=CCP1 B1=TMR2 B0=TMR1
00004A 6A9D           00167         clrf PIE1
                      00168 
                      00169 ; interrupt priorities
                      00170 
                      00171 ; B4=EE B3=BCL B2=LVD B1=TMR3 B0=CCP2
00004C 0EFF           00172         movlw 0xFF
00004E 6EA2           00173         movwf IPR2
                      00174 
                      00175 ; B7=PSP B6=AD B5=RC1 B4=TX1 B3=SSP B2=CCP1 B1=TMR2 B0=TMR1
000050 0EFF           00176         movlw 0xFF
000052 6E9F           00177         movwf IPR1
                      00178 
000054 0012           00179         return
                      00180 
                      00181 ; Feature=Reset - Reset Error Handlers
                      00182 
  0000                00183         GLOBAL VisualInitialization
                      00184 
                      00185         END
MPASM  5.20               INIT_PIC18F2525.ASM   7-23-2008  15:01:38         PAGE  5


SYMBOL TABLE
  LABEL                             VALUE 

A                                 00000000
ABDEN                             00000000
ABDOVF                            00000007
ACCESS                            00000000
ACKDT                             00000005
ACKEN                             00000004
ACKSTAT                           00000006
ACQT0                             00000003
ACQT1                             00000004
ACQT2                             00000005
ADCON0                            00000FC2
ADCON1                            00000FC1
ADCON2                            00000FC0
ADCS0                             00000000
ADCS1                             00000001
ADCS2                             00000002
ADDEN                             00000003
ADEN                              00000003
ADFM                              00000007
ADIE                              00000006
ADIF                              00000006
ADIP                              00000006
ADON                              00000000
ADRES                             00000FC3
ADRESH                            00000FC4
ADRESL                            00000FC3
AN10                              00000001
AN11                              00000004
AN12                              00000000
AN4                               00000005
AN8                               00000002
AN9                               00000003
BANKED                            00000001
BAUDCON                           00000FB8
BAUDCTL                           00000FB8
BCLIE                             00000003
BCLIF                             00000003
BCLIP                             00000003
BF                                00000000
BGST                              00000005
BOR                               00000000
BRG16                             00000003
BRGH                              00000002
BSR                               00000FE0
C                                 00000000
C1INV                             00000004
C1OUT                             00000006
C2INV                             00000005
C2OUT                             00000007
CCP1                              00000002
CCP1CON                           00000FBD
CCP1IE                            00000002
CCP1IF                            00000002
MPASM  5.20               INIT_PIC18F2525.ASM   7-23-2008  15:01:38         PAGE  6


SYMBOL TABLE
  LABEL                             VALUE 

CCP1IP                            00000002
CCP1M0                            00000000
CCP1M1                            00000001
CCP1M2                            00000002
CCP1M3                            00000003
CCP1X                             00000005
CCP1Y                             00000004
CCP2CON                           00000FBA
CCP2IE                            00000000
CCP2IF                            00000000
CCP2IP                            00000000
CCP2M0                            00000000
CCP2M1                            00000001
CCP2M2                            00000002
CCP2M3                            00000003
CCP2X                             00000005
CCP2Y                             00000004
CCP2_PORTB                        00000003
CCP2_PORTC                        00000001
CCPR1                             00000FBE
CCPR1H                            00000FBF
CCPR1L                            00000FBE
CCPR2                             00000FBB
CCPR2H                            00000FBC
CCPR2L                            00000FBB
CFGS                              00000006
CHS0                              00000002
CHS1                              00000003
CHS2                              00000004
CHS3                              00000005
CIS                               00000003
CK                                00000006
CKE                               00000006
CKP                               00000004
CM0                               00000000
CM1                               00000001
CM2                               00000002
CMCON                             00000FB4
CMIE                              00000006
CMIF                              00000006
CMIP                              00000006
CONFIG1H                          00000002
CONFIG2H                          000000FF
CONFIG2L                          000000F7
CONFIG3H                          000000FF
CONFIG4L                          000000BF
CONFIG5H                          000000FF
CONFIG5L                          000000FF
CONFIG6H                          000000FF
CONFIG6L                          000000FF
CONFIG7H                          000000FF
CONFIG7L                          000000FF
CREN                              00000004
MPASM  5.20               INIT_PIC18F2525.ASM   7-23-2008  15:01:38         PAGE  7


SYMBOL TABLE
  LABEL                             VALUE 

CSRC                              00000007
CVR0                              00000000
CVR1                              00000001
CVR2                              00000002
CVR3                              00000003
CVRCON                            00000FB5
CVREN                             00000007
CVROE                             00000006
CVRR                              00000005
CVRSS                             00000004
D                                 00000005
DC                                00000001
DC1B0                             00000004
DC1B1                             00000005
DC2B0                             00000004
DC2B1                             00000005
DDRA                              TRISA
DDRB                              TRISB
DDRC                              TRISC
DDRD                              TRISD
DDRE                              TRISE
DEBUG                             00000FD4
DONE                              00000001
D_A                               00000005
EEADR                             00000FA9
EEADRH                            00000FAA
EECON1                            00000FA6
EECON2                            00000FA7
EEDATA                            00000FA8
EEIE                              00000004
EEIF                              00000004
EEIP                              00000004
EEPGD                             00000007
FAST                              00000001
FERR                              00000002
FLTS                              00000002
FREE                              00000004
FSR0                              00000000
FSR0H                             00000FEA
FSR0L                             00000FE9
FSR1                              00000001
FSR1H                             00000FE2
FSR1L                             00000FE1
FSR2                              00000002
FSR2H                             00000FDA
FSR2L                             00000FD9
GCEN                              00000007
GIE                               00000007
GIEH                              00000007
GIEL                              00000006
GO                                00000001
GO_DONE                           00000001
HLVDCON                           00000FD2
MPASM  5.20               INIT_PIC18F2525.ASM   7-23-2008  15:01:38         PAGE  8


SYMBOL TABLE
  LABEL                             VALUE 

HLVDEN                            00000004
HLVDIE                            00000002
HLVDIF                            00000002
HLVDIN                            00000005
HLVDIP                            00000002
HLVDL0                            00000000
HLVDL1                            00000001
HLVDL2                            00000002
HLVDL3                            00000003
IDLEN                             00000007
INDF0                             00000FEF
INDF1                             00000FE7
INDF2                             00000FDF
INT0                              00000000
INT0E                             00000004
INT0F                             00000001
INT0IE                            00000004
INT0IF                            00000001
INT1                              00000001
INT1E                             00000003
INT1F                             00000000
INT1IE                            00000003
INT1IF                            00000000
INT1IP                            00000006
INT1P                             00000006
INT2                              00000002
INT2E                             00000004
INT2F                             00000001
INT2IE                            00000004
INT2IF                            00000001
INT2IP                            00000007
INT2P                             00000007
INTCON                            00000FF2
INTCON2                           00000FF1
INTCON3                           00000FF0
INTEDG0                           00000006
INTEDG1                           00000005
INTEDG2                           00000004
INTSRC                            00000007
IOFS                              00000002
IPEN                              00000007
IPR1                              00000F9F
IPR2                              00000FA2
IRCF0                             00000004
IRCF1                             00000005
IRCF2                             00000006
IRVST                             00000005
IVRST                             00000005
KBI0                              00000004
KBI1                              00000005
KBI2                              00000006
KBI3                              00000007
LATA                              00000F89
MPASM  5.20               INIT_PIC18F2525.ASM   7-23-2008  15:01:38         PAGE  9


SYMBOL TABLE
  LABEL                             VALUE 

LATA0                             00000000
LATA1                             00000001
LATA2                             00000002
LATA3                             00000003
LATA4                             00000004
LATA5                             00000005
LATA6                             00000006
LATA7                             00000007
LATB                              00000F8A
LATB0                             00000000
LATB1                             00000001
LATB2                             00000002
LATB3                             00000003
LATB4                             00000004
LATB5                             00000005
LATB6                             00000006
LATB7                             00000007
LATC                              00000F8B
LATC0                             00000000
LATC1                             00000001
LATC2                             00000002
LATC3                             00000003
LATC4                             00000004
LATC5                             00000005
LATC6                             00000006
LATC7                             00000007
LVDCON                            00000FD2
LVDEN                             00000004
LVDIE                             00000002
LVDIF                             00000002
LVDIN                             00000005
LVDIP                             00000002
LVDL0                             00000000
LVDL1                             00000001
LVDL2                             00000002
LVDL3                             00000003
LVV0                              00000000
LVV1                              00000001
LVV2                              00000002
LVV3                              00000003
MCLR                              00000003
N                                 00000004
NOT_A                             00000005
NOT_ADDRESS                       00000005
NOT_BOR                           00000000
NOT_DONE                          00000001
NOT_MCLR                          00000003
NOT_PD                            00000002
NOT_POR                           00000001
NOT_RBPU                          00000007
NOT_RI                            00000004
NOT_SS                            00000005
NOT_T1SYNC                        00000002
MPASM  5.20               INIT_PIC18F2525.ASM   7-23-2008  15:01:38         PAGE 10


SYMBOL TABLE
  LABEL                             VALUE 

NOT_T3SYNC                        00000002
NOT_TO                            00000003
NOT_W                             00000002
NOT_WRITE                         00000002
OERR                              00000001
OSCCON                            00000FD3
OSCFIE                            00000007
OSCFIF                            00000007
OSCFIP                            00000007
OSCTUNE                           00000F9B
OSTS                              00000003
OV                                00000003
P                                 00000004
PC                                00000FF9
PCFG0                             00000000
PCFG1                             00000001
PCFG2                             00000002
PCFG3                             00000003
PCL                               00000FF9
PCLATH                            00000FFA
PCLATU                            00000FFB
PD                                00000002
PEIE                              00000006
PEN                               00000002
PGC                               00000006
PGD                               00000007
PGM                               00000005
PIE1                              00000F9D
PIE2                              00000FA0
PIR1                              00000F9E
PIR2                              00000FA1
PLLEN                             00000006
PLUSW0                            00000FEB
PLUSW1                            00000FE3
PLUSW2                            00000FDB
POR                               00000001
PORTA                             00000F80
PORTB                             00000F81
PORTC                             00000F82
PORTE                             00000F84
POSTDEC0                          00000FED
POSTDEC1                          00000FE5
POSTDEC2                          00000FDD
POSTINC0                          00000FEE
POSTINC1                          00000FE6
POSTINC2                          00000FDE
PR2                               00000FCB
PREINC0                           00000FEC
PREINC1                           00000FE4
PREINC2                           00000FDC
PROD                              00000FF3
PRODH                             00000FF4
PRODL                             00000FF3
MPASM  5.20               INIT_PIC18F2525.ASM   7-23-2008  15:01:38         PAGE 11


SYMBOL TABLE
  LABEL                             VALUE 

PSA                               00000003
R                                 00000002
RA0                               00000000
RA1                               00000001
RA2                               00000002
RA3                               00000003
RA4                               00000004
RA5                               00000005
RA6                               00000006
RA7                               00000007
RB0                               00000000
RB1                               00000001
RB2                               00000002
RB3                               00000003
RB4                               00000004
RB5                               00000005
RB6                               00000006
RB7                               00000007
RBIE                              00000003
RBIF                              00000000
RBIP                              00000000
RBPU                              00000007
RC0                               00000000
RC1                               00000001
RC2                               00000002
RC3                               00000003
RC4                               00000004
RC5                               00000005
RC6                               00000006
RC7                               00000007
RCEN                              00000003
RCIDL                             00000006
RCIE                              00000005
RCIF                              00000005
RCIP                              00000005
RCMT                              00000006
RCON                              00000FD0
RCREG                             00000FAE
RCSTA                             00000FAB
RD                                00000000
RD16                              00000007
RE3                               00000003
RI                                00000004
RSEN                              00000001
RX                                00000007
RX9                               00000006
RX9D                              00000000
RXDTP                             00000005
R_W                               00000002
S                                 00000003
SBOREN                            00000006
SCK                               00000003
SCKP                              00000004
MPASM  5.20               INIT_PIC18F2525.ASM   7-23-2008  15:01:38         PAGE 12


SYMBOL TABLE
  LABEL                             VALUE 

SCL                               00000003
SCS0                              00000000
SCS1                              00000001
SDA                               00000004
SDI                               00000004
SDO                               00000005
SEN                               00000000
SENDB                             00000003
SMP                               00000007
SP0                               00000000
SP1                               00000001
SP2                               00000002
SP3                               00000003
SP4                               00000004
SPBRG                             00000FAF
SPBRGH                            00000FB0
SPEN                              00000007
SREN                              00000005
SS                                00000005
SSPADD                            00000FC8
SSPBUF                            00000FC9
SSPCON1                           00000FC6
SSPCON2                           00000FC5
SSPEN                             00000005
SSPIE                             00000003
SSPIF                             00000003
SSPIP                             00000003
SSPM0                             00000000
SSPM1                             00000001
SSPM2                             00000002
SSPM3                             00000003
SSPOV                             00000006
SSPSTAT                           00000FC7
STATUS                            00000FD8
STKFUL                            00000007
STKOVF                            00000007
STKPTR                            00000FFC
STKPTR0                           00000000
STKPTR1                           00000001
STKPTR2                           00000002
STKPTR3                           00000003
STKPTR4                           00000004
STKUNF                            00000006
SWDTE                             00000000
SWDTEN                            00000000
SYNC                              00000004
T016BIT                           00000006
T08BIT                            00000006
T0CKI                             00000004
T0CON                             00000FD5
T0CS                              00000005
T0IE                              00000005
T0IF                              00000002
MPASM  5.20               INIT_PIC18F2525.ASM   7-23-2008  15:01:38         PAGE 13


SYMBOL TABLE
  LABEL                             VALUE 

T0PS0                             00000000
T0PS1                             00000001
T0PS2                             00000002
T0SE                              00000004
T13CKI                            00000000
T1CKI                             00000000
T1CKPS0                           00000004
T1CKPS1                           00000005
T1CON                             00000FCD
T1OSCEN                           00000003
T1OSI                             00000001
T1OSO                             00000000
T1RUN                             00000006
T1SYNC                            00000002
T2CKPS0                           00000000
T2CKPS1                           00000001
T2CON                             00000FCA
T2OUTPS0                          00000003
T2OUTPS1                          00000004
T2OUTPS2                          00000005
T2OUTPS3                          00000006
T3CCP1                            00000003
T3CCP2                            00000006
T3CKPS0                           00000004
T3CKPS1                           00000005
T3CON                             00000FB1
T3SYNC                            00000002
TABLAT                            00000FF5
TBLPTR                            00000FF6
TBLPTRH                           00000FF7
TBLPTRL                           00000FF6
TBLPTRU                           00000FF8
TMR0H                             00000FD7
TMR0IE                            00000005
TMR0IF                            00000002
TMR0IP                            00000002
TMR0L                             00000FD6
TMR0ON                            00000007
TMR1CS                            00000001
TMR1H                             00000FCF
TMR1IE                            00000000
TMR1IF                            00000000
TMR1IP                            00000000
TMR1L                             00000FCE
TMR1ON                            00000000
TMR2                              00000FCC
TMR2IE                            00000001
TMR2IF                            00000001
TMR2IP                            00000001
TMR2ON                            00000002
TMR3CS                            00000001
TMR3H                             00000FB3
TMR3IE                            00000001
MPASM  5.20               INIT_PIC18F2525.ASM   7-23-2008  15:01:38         PAGE 14


SYMBOL TABLE
  LABEL                             VALUE 

TMR3IF                            00000001
TMR3IP                            00000001
TMR3L                             00000FB2
TMR3ON                            00000000
TO                                00000003
TOS                               00000FFD
TOSH                              00000FFE
TOSL                              00000FFD
TOSU                              00000FFF
TOUTPS0                           00000003
TOUTPS1                           00000004
TOUTPS2                           00000005
TOUTPS3                           00000006
TRISA                             00000F92
TRISA0                            00000000
TRISA1                            00000001
TRISA2                            00000002
TRISA3                            00000003
TRISA4                            00000004
TRISA5                            00000005
TRISA6                            00000006
TRISA7                            00000007
TRISB                             00000F93
TRISB0                            00000000
TRISB1                            00000001
TRISB2                            00000002
TRISB3                            00000003
TRISB4                            00000004
TRISB5                            00000005
TRISB6                            00000006
TRISB7                            00000007
TRISC                             00000F94
TRISC0                            00000000
TRISC1                            00000001
TRISC2                            00000002
TRISC3                            00000003
TRISC4                            00000004
TRISC5                            00000005
TRISC6                            00000006
TRISC7                            00000007
TRMT                              00000001
TUN0                              00000000
TUN1                              00000001
TUN2                              00000002
TUN3                              00000003
TUN4                              00000004
TX                                00000006
TX9                               00000006
TX9D                              00000000
TXCKP                             00000004
TXEN                              00000005
TXIE                              00000004
TXIF                              00000004
MPASM  5.20               INIT_PIC18F2525.ASM   7-23-2008  15:01:38         PAGE 15


SYMBOL TABLE
  LABEL                             VALUE 

TXIP                              00000004
TXREG                             00000FAD
TXSTA                             00000FAC
UA                                00000001
VCFG0                             00000004
VCFG1                             00000005
VDIRMAG                           00000007
VPP                               00000003
VisualInitialization              00000000
W                                 00000000
WCOL                              00000007
WDTCON                            00000FD1
WR                                00000001
WREG                              00000FE8
WREN                              00000002
WRERR                             00000003
WUE                               00000001
Z                                 00000002
_BOREN_NOSLP_2L                   000000FD
_BOREN_OFF_2L                     000000F9
_BOREN_ON_2L                      000000FB
_BOREN_SBORDIS_2L                 000000FF
_BORV_0_2L                        000000E7
_BORV_1_2L                        000000EF
_BORV_2_2L                        000000F7
_BORV_3_2L                        000000FF
_CCP2MX_PORTBE_3H                 000000FE
_CCP2MX_PORTC_3H                  000000FF
_CONFIG1H                         00300001
_CONFIG2H                         00300003
_CONFIG2L                         00300002
_CONFIG3H                         00300005
_CONFIG4L                         00300006
_CONFIG5H                         00300009
_CONFIG5L                         00300008
_CONFIG6H                         0030000B
_CONFIG6L                         0030000A
_CONFIG7H                         0030000D
_CONFIG7L                         0030000C
_CP0_OFF_5L                       000000FF
_CP0_ON_5L                        000000FE
_CP1_OFF_5L                       000000FF
_CP1_ON_5L                        000000FD
_CP2_OFF_5L                       000000FF
_CP2_ON_5L                        000000FB
_CPB_OFF_5H                       000000FF
_CPB_ON_5H                        000000BF
_CPD_OFF_5H                       000000FF
_CPD_ON_5H                        0000007F
_DEBUG_OFF_4L                     000000FF
_DEBUG_ON_4L                      0000007F
_DEVID1                           003FFFFE
_DEVID2                           003FFFFF
MPASM  5.20               INIT_PIC18F2525.ASM   7-23-2008  15:01:38         PAGE 16


SYMBOL TABLE
  LABEL                             VALUE 

_EBTR0_OFF_7L                     000000FF
_EBTR0_ON_7L                      000000FE
_EBTR1_OFF_7L                     000000FF
_EBTR1_ON_7L                      000000FD
_EBTR2_OFF_7L                     000000FF
_EBTR2_ON_7L                      000000FB
_EBTRB_OFF_7H                     000000FF
_EBTRB_ON_7H                      000000BF
_FCMEN_OFF_1H                     000000BF
_FCMEN_ON_1H                      000000FF
_IDLOC0                           00200000
_IDLOC1                           00200001
_IDLOC2                           00200002
_IDLOC3                           00200003
_IDLOC4                           00200004
_IDLOC5                           00200005
_IDLOC6                           00200006
_IDLOC7                           00200007
_IESO_OFF_1H                      0000007F
_IESO_ON_1H                       000000FF
_LPT1OSC_OFF_3H                   000000FB
_LPT1OSC_ON_3H                    000000FF
_LVP_OFF_4L                       000000FB
_LVP_ON_4L                        000000FF
_MCLRE_OFF_3H                     0000007F
_MCLRE_ON_3H                      000000FF
_OSC_ECIO6_1H                     000000F5
_OSC_EC_1H                        000000F4
_OSC_HSPLL_1H                     000000F6
_OSC_HS_1H                        000000F2
_OSC_INTIO67_1H                   000000F8
_OSC_INTIO7_1H                    000000F9
_OSC_LP_1H                        000000F0
_OSC_RCIO6_1H                     000000F7
_OSC_RC_1H                        000000F3
_OSC_XT_1H                        000000F1
_PBADEN_OFF_3H                    000000FD
_PBADEN_ON_3H                     000000FF
_PWRT_OFF_2L                      000000FF
_PWRT_ON_2L                       000000FE
_STVREN_OFF_4L                    000000FE
_STVREN_ON_4L                     000000FF
_WDTPS_1024_2H                    000000F5
_WDTPS_128_2H                     000000EF
_WDTPS_16384_2H                   000000FD
_WDTPS_16_2H                      000000E9
_WDTPS_1_2H                       000000E1
_WDTPS_2048_2H                    000000F7
_WDTPS_256_2H                     000000F1
_WDTPS_2_2H                       000000E3
_WDTPS_32768_2H                   000000FF
_WDTPS_32_2H                      000000EB
_WDTPS_4096_2H                    000000F9
MPASM  5.20               INIT_PIC18F2525.ASM   7-23-2008  15:01:38         PAGE 17


SYMBOL TABLE
  LABEL                             VALUE 

_WDTPS_4_2H                       000000E5
_WDTPS_512_2H                     000000F3
_WDTPS_64_2H                      000000ED
_WDTPS_8192_2H                    000000FB
_WDTPS_8_2H                       000000E7
_WDT_OFF_2H                       000000FE
_WDT_ON_2H                        000000FF
_WRT0_OFF_6L                      000000FF
_WRT0_ON_6L                       000000FE
_WRT1_OFF_6L                      000000FF
_WRT1_ON_6L                       000000FD
_WRT2_OFF_6L                      000000FF
_WRT2_ON_6L                       000000FB
_WRTB_OFF_6H                      000000FF
_WRTB_ON_6H                       000000BF
_WRTC_OFF_6H                      000000FF
_WRTC_ON_6H                       000000DF
_WRTD_OFF_6H                      000000FF
_WRTD_ON_6H                       0000007F
_XINST_OFF_4L                     000000BF
_XINST_ON_4L                      000000FF
__18F2525                         00000001

Errors   :     0
Warnings :     0 reported,     0 suppressed
Messages :     0 reported,     0 suppressed

